TN:
SF:C:\Users\fanke\Desktop\projects\todo_list_with_localstorage\src\index.js
FNF:0
FNH:0
DA:7,0
DA:8,0
LF:2
LH:0
BRF:0
BRH:0
end_of_record
TN:
SF:C:\Users\fanke\Desktop\projects\todo_list_with_localstorage\src\components\AddTodo.js
FN:4,(anonymous_0)
FNF:1
FNH:1
FNDA:4,(anonymous_0)
DA:4,2
DA:5,4
LF:2
LH:2
BRF:0
BRH:0
end_of_record
TN:
SF:C:\Users\fanke\Desktop\projects\todo_list_with_localstorage\src\components\Header.js
FN:3,(anonymous_0)
FNF:1
FNH:1
FNDA:3,(anonymous_0)
DA:3,2
DA:4,3
LF:2
LH:2
BRF:0
BRH:0
end_of_record
TN:
SF:C:\Users\fanke\Desktop\projects\todo_list_with_localstorage\src\components\TodoItem.js
FN:3,(anonymous_0)
FNF:1
FNH:1
FNDA:3,(anonymous_0)
DA:3,3
DA:4,3
LF:2
LH:2
BRF:0
BRH:0
end_of_record
TN:
SF:C:\Users\fanke\Desktop\projects\todo_list_with_localstorage\src\components\TodoList.js
FN:10,(anonymous_0)
FN:17,(anonymous_1)
FN:24,(anonymous_2)
FN:28,(anonymous_3)
FN:34,(anonymous_4)
FNF:5
FNH:5
FNDA:3,(anonymous_0)
FNDA:2,(anonymous_1)
FNDA:1,(anonymous_2)
FNDA:1,(anonymous_3)
FNDA:5,(anonymous_4)
DA:7,3
DA:11,3
DA:12,3
DA:13,1
DA:14,1
DA:18,2
DA:19,2
DA:20,2
DA:21,2
DA:24,3
DA:25,1
DA:26,1
DA:27,1
DA:28,1
DA:31,1
DA:35,5
LF:16
LH:16
BRDA:12,0,0,1
BRDA:12,0,1,2
BRDA:19,1,0,2
BRDA:19,1,1,0
BRDA:27,2,0,1
BRDA:27,2,1,0
BRF:6
BRH:4
end_of_record
TN:
SF:C:\Users\fanke\Desktop\projects\todo_list_with_localstorage\src\components\TodoLists.js
FN:4,(anonymous_0)
FN:8,(anonymous_1)
FNF:2
FNH:2
FNDA:4,(anonymous_0)
FNDA:3,(anonymous_1)
DA:4,2
DA:5,4
DA:8,3
LF:3
LH:3
BRDA:7,0,0,4
BRDA:7,0,1,2
BRF:2
BRH:2
end_of_record
